<?xml version="1.0" encoding="UTF-8" standalone="no"?>
<!DOCTYPE log SYSTEM "logger.dtd">
<log>
<record>
  <date>2017-02-20T14:11:24.008-0300</date>
  <logger>YOVANY MARROQUIN DA CUNHA</logger>
  <level>FINE</level>
  <message>File 115210445-YOVANY MARROQUIN DA CUNHA.zip was received. It was sent by YOVANY MARROQUIN DA CUNHA from IP 127.0.1.1</message>
</record>
</log>
<?xml version="1.0" encoding="UTF-8" standalone="no"?>
<!DOCTYPE log SYSTEM "logger.dtd">
<log>
<record>
  <date>2017-02-22T10:24:32.035-0300</date>
  <logger>YOVANY MARROQUIN DA CUNHA</logger>
  <level>FINE</level>
  <message>File 115210445-YOVANY MARROQUIN DA CUNHA.zip was received. It was sent by YOVANY MARROQUIN DA CUNHA from IP 127.0.1.1</message>
</record>
</log>
<?xml version="1.0" encoding="UTF-8" standalone="no"?>
<!DOCTYPE log SYSTEM "logger.dtd">
<log>
<record>
  <date>2017-02-22T13:06:43.342-0300</date>
  <logger>YOVANY MARROQUIN DA CUNHA</logger>
  <level>FINE</level>
  <message>File 115210445-YOVANY MARROQUIN DA CUNHA.zip was received. It was sent by YOVANY MARROQUIN DA CUNHA from IP 150.165.74.105</message>
</record>
