<?xml version="1.0" encoding="UTF-8" standalone="no"?>
<!DOCTYPE log SYSTEM "logger.dtd">
<head/><log>
<record>
  <date>2016-11-07T15:50:13.664-0300</date>
  <logger>YOVANY MARROQUIN DA CUNHA</logger>
  <level>FINE</level>
  <message>File 115210445-YOVANY MARROQUIN DA CUNHA.zip was received. It was sent by YOVANY MARROQUIN DA CUNHA from IP 150.165.74.127</message>
</record>
</log>
<?xml version="1.0" encoding="UTF-8" standalone="no"?>
<!DOCTYPE log SYSTEM "logger.dtd">
<log>
<record>
  <date>2016-11-09T16:12:18.151-0300</date>
  <logger>YOVANY MARROQUIN DA CUNHA</logger>
  <level>FINE</level>
  <message>File 115210445-YOVANY MARROQUIN DA CUNHA.zip was received. It was sent by YOVANY MARROQUIN DA CUNHA from IP 150.165.74.125</message>
</record>
</log>
<?xml version="1.0" encoding="UTF-8" standalone="no"?>
<!DOCTYPE log SYSTEM "logger.dtd">
<log>
<record>
  <date>2016-11-09T16:44:56.759-0300</date>
  <logger>YOVANY MARROQUIN DA CUNHA</logger>
  <level>FINE</level>
  <message>File 115210445-YOVANY MARROQUIN DA CUNHA.zip was received. It was sent by YOVANY MARROQUIN DA CUNHA from IP 150.165.74.125</message>
</record>
</log>
<?xml version="1.0" encoding="UTF-8" standalone="no"?>
<!DOCTYPE log SYSTEM "logger.dtd">
<log>
<record>
  <date>2016-11-09T16:49:31.982-0300</date>
  <logger>YOVANY MARROQUIN DA CUNHA</logger>
  <level>FINE</level>
  <message>File 115210445-YOVANY MARROQUIN DA CUNHA.zip was received. It was sent by YOVANY MARROQUIN DA CUNHA from IP 150.165.74.125</message>
</record>
</log>
<?xml version="1.0" encoding="UTF-8" standalone="no"?>
<!DOCTYPE log SYSTEM "logger.dtd">
<log>
<record>
  <date>2016-11-09T16:51:03.245-0300</date>
  <logger>YOVANY MARROQUIN DA CUNHA</logger>
  <level>FINE</level>
  <message>File 115210445-YOVANY MARROQUIN DA CUNHA.zip was received. It was sent by YOVANY MARROQUIN DA CUNHA from IP 150.165.74.125</message>
</record>
</log>
<?xml version="1.0" encoding="UTF-8" standalone="no"?>
<!DOCTYPE log SYSTEM "logger.dtd">
<log>
<record>
  <date>2016-11-09T17:00:32.911-0300</date>
  <logger>YOVANY MARROQUIN DA CUNHA</logger>
  <level>FINE</level>
  <message>File 115210445-YOVANY MARROQUIN DA CUNHA.zip was received. It was sent by YOVANY MARROQUIN DA CUNHA from IP 150.165.74.125</message>
</record>
