<?xml version="1.0" encoding="UTF-8" standalone="no"?>
<!DOCTYPE log SYSTEM "logger.dtd">
<log>
<record>
  <date>2017-02-08T16:08:35.131-0300</date>
  <logger>YOVANY MARROQUIN DA CUNHA</logger>
  <level>FINE</level>
  <message>File 115210445-YOVANY MARROQUIN DA CUNHA.zip was received. It was sent by YOVANY MARROQUIN DA CUNHA from IP 127.0.1.1</message>
</record>
</log>
<?xml version="1.0" encoding="UTF-8" standalone="no"?>
<!DOCTYPE log SYSTEM "logger.dtd">
<log>
<record>
  <date>2017-02-09T21:49:50.061-0300</date>
  <logger>YOVANY MARROQUIN DA CUNHA</logger>
  <level>FINE</level>
  <message>File 115210445-YOVANY MARROQUIN DA CUNHA.zip was received. It was sent by YOVANY MARROQUIN DA CUNHA from IP 127.0.1.1</message>
</record>
</log>
<?xml version="1.0" encoding="UTF-8" standalone="no"?>
<!DOCTYPE log SYSTEM "logger.dtd">
<log>
<record>
  <date>2017-02-09T21:52:32.491-0300</date>
  <logger>YOVANY MARROQUIN DA CUNHA</logger>
  <level>FINE</level>
  <message>File 115210445-YOVANY MARROQUIN DA CUNHA.zip was received. It was sent by YOVANY MARROQUIN DA CUNHA from IP 127.0.1.1</message>
</record>
